app/build/intermediates/manifest_merge_blame_file/debug/manifest-merger-blame-debug-report.txt
1<?xml version="1.0" encoding="utf-8"?>
2<manifest xmlns:android="http://schemas.android.com/apk/res/android"
3    package="com.example.patienttracker"
4    android:versionCode="1"
5    android:versionName="1.0" >
6
7    <uses-sdk
8        android:minSdkVersion="23"
9        android:targetSdkVersion="33" />
10
11    <uses-permission android:name="android.permission.INTERNET" />
11-->src\main\AndroidManifest.xml:5:5-67
11-->src\main\AndroidManifest.xml:5:22-64
12    <uses-permission android:name="android.permission.ACCESS_NETWORK_STATE" />
12-->src\main\AndroidManifest.xml:6:5-79
12-->src\main\AndroidManifest.xml:6:22-76
13    <uses-permission android:name="android.permission.READ_EXTERNAL_STORAGE" />
13-->src\main\AndroidManifest.xml:7:5-80
13-->src\main\AndroidManifest.xml:7:22-77
14    <uses-permission
14-->src\main\AndroidManifest.xml:8:5-9:51
15        android:name="android.permission.WRITE_EXTERNAL_STORAGE"
15-->src\main\AndroidManifest.xml:8:22-78
16        android:maxSdkVersion="28" />
16-->src\main\AndroidManifest.xml:9:22-48
17    <uses-permission android:name="android.permission.WAKE_LOCK" /> <!-- Required by older versions of Google Play services to create IID tokens -->
17-->[com.google.firebase:firebase-messaging:23.0.4] AndroidManifest.xml:26:5-68
17-->[com.google.firebase:firebase-messaging:23.0.4] AndroidManifest.xml:26:22-65
18    <uses-permission android:name="com.google.android.c2dm.permission.RECEIVE" />
18-->[com.google.firebase:firebase-messaging:23.0.4] AndroidManifest.xml:28:5-82
18-->[com.google.firebase:firebase-messaging:23.0.4] AndroidManifest.xml:28:22-79
19
20    <application
20-->src\main\AndroidManifest.xml:11:5-86:19
21        android:name="com.example.patienttracker.PatientTrackerApp"
21-->src\main\AndroidManifest.xml:12:9-42
22        android:allowBackup="true"
22-->src\main\AndroidManifest.xml:13:9-35
23        android:appComponentFactory="androidx.core.app.CoreComponentFactory"
23-->[androidx.core:core:1.7.0] AndroidManifest.xml:24:18-86
24        android:debuggable="true"
25        android:extractNativeLibs="false"
26        android:icon="@drawable/app_logo"
26-->src\main\AndroidManifest.xml:14:9-42
27        android:label="@string/app_name"
27-->src\main\AndroidManifest.xml:15:9-41
28        android:requestLegacyExternalStorage="true"
28-->src\main\AndroidManifest.xml:19:9-52
29        android:roundIcon="@drawable/app_logo"
29-->src\main\AndroidManifest.xml:16:9-47
30        android:supportsRtl="true"
30-->src\main\AndroidManifest.xml:17:9-35
31        android:theme="@style/Theme.PatientTracker" >
31-->src\main\AndroidManifest.xml:18:9-52
32
33        <!-- Main Activity (Splash/Launcher) -->
34        <activity
34-->src\main\AndroidManifest.xml:22:9-30:20
35            android:name="com.example.patienttracker.activities.MainActivity"
35-->src\main\AndroidManifest.xml:23:13-52
36            android:exported="true"
36-->src\main\AndroidManifest.xml:24:13-36
37            android:theme="@style/Theme.PatientTracker" >
37-->src\main\AndroidManifest.xml:25:13-56
38            <intent-filter>
38-->src\main\AndroidManifest.xml:26:13-29:29
39                <action android:name="android.intent.action.MAIN" />
39-->src\main\AndroidManifest.xml:27:17-69
39-->src\main\AndroidManifest.xml:27:25-66
40
41                <category android:name="android.intent.category.LAUNCHER" />
41-->src\main\AndroidManifest.xml:28:17-77
41-->src\main\AndroidManifest.xml:28:27-74
42            </intent-filter>
43        </activity>
44
45        <!-- Authentication Activities -->
46        <activity
46-->src\main\AndroidManifest.xml:33:9-36:64
47            android:name="com.example.patienttracker.activities.LoginActivity"
47-->src\main\AndroidManifest.xml:34:13-53
48            android:exported="false"
48-->src\main\AndroidManifest.xml:35:13-37
49            android:theme="@style/Theme.PatientTracker.Auth" />
49-->src\main\AndroidManifest.xml:36:13-61
50        <activity
50-->src\main\AndroidManifest.xml:37:9-40:64
51            android:name="com.example.patienttracker.activities.RegisterActivity"
51-->src\main\AndroidManifest.xml:38:13-56
52            android:exported="false"
52-->src\main\AndroidManifest.xml:39:13-37
53            android:theme="@style/Theme.PatientTracker.Auth" />
53-->src\main\AndroidManifest.xml:40:13-61
54
55        <!-- Dashboard Activities -->
56        <activity
56-->src\main\AndroidManifest.xml:43:9-45:40
57            android:name="com.example.patienttracker.activities.PatientDashboardActivity"
57-->src\main\AndroidManifest.xml:44:13-64
58            android:exported="false" />
58-->src\main\AndroidManifest.xml:45:13-37
59        <activity
59-->src\main\AndroidManifest.xml:46:9-48:40
60            android:name="com.example.patienttracker.activities.DoctorDashboardActivity"
60-->src\main\AndroidManifest.xml:47:13-63
61            android:exported="false" />
61-->src\main\AndroidManifest.xml:48:13-37
62        <activity
62-->src\main\AndroidManifest.xml:49:9-51:40
63            android:name="com.example.patienttracker.activities.AdminDashboardActivity"
63-->src\main\AndroidManifest.xml:50:13-62
64            android:exported="false" />
64-->src\main\AndroidManifest.xml:51:13-37
65
66        <!-- Firebase Messaging Service -->
67        <service
67-->src\main\AndroidManifest.xml:54:9-60:19
68            android:name="com.example.patienttracker.services.FirebaseMessagingService"
68-->src\main\AndroidManifest.xml:55:13-62
69            android:exported="false" >
69-->src\main\AndroidManifest.xml:56:13-37
70            <intent-filter>
70-->src\main\AndroidManifest.xml:57:13-59:29
71                <action android:name="com.google.firebase.MESSAGING_EVENT" />
71-->src\main\AndroidManifest.xml:58:17-78
71-->src\main\AndroidManifest.xml:58:25-75
72            </intent-filter>
73        </service>
74
75        <!-- FileProvider for sharing PDFs -->
76        <provider
77            android:name="androidx.core.content.FileProvider"
77-->src\main\AndroidManifest.xml:64:13-62
78            android:authorities="com.example.patienttracker.provider"
78-->src\main\AndroidManifest.xml:65:13-60
79            android:exported="false"
79-->src\main\AndroidManifest.xml:66:13-37
80            android:grantUriPermissions="true" >
80-->src\main\AndroidManifest.xml:67:13-47
81            <meta-data
81-->src\main\AndroidManifest.xml:68:13-70:58
82                android:name="android.support.FILE_PROVIDER_PATHS"
82-->src\main\AndroidManifest.xml:69:17-67
83                android:resource="@xml/provider_paths" />
83-->src\main\AndroidManifest.xml:70:17-55
84        </provider>
85
86        <!-- Default Notification Channel -->
87        <meta-data
87-->src\main\AndroidManifest.xml:74:9-76:48
88            android:name="com.google.firebase.messaging.default_notification_channel_id"
88-->src\main\AndroidManifest.xml:75:13-89
89            android:value="@string/app_name" />
89-->src\main\AndroidManifest.xml:76:13-45
90
91        <!-- Firebase Auto-initialization -->
92        <meta-data
92-->src\main\AndroidManifest.xml:79:9-81:36
93            android:name="firebase_messaging_auto_init_enabled"
93-->src\main\AndroidManifest.xml:80:13-64
94            android:value="true" />
94-->src\main\AndroidManifest.xml:81:13-33
95        <meta-data
95-->src\main\AndroidManifest.xml:82:9-84:36
96            android:name="firebase_analytics_collection_enabled"
96-->src\main\AndroidManifest.xml:83:13-65
97            android:value="true" />
97-->src\main\AndroidManifest.xml:84:13-33
98
99        <activity
99-->[com.google.firebase:firebase-auth:21.0.3] AndroidManifest.xml:27:9-44:20
100            android:name="com.google.firebase.auth.internal.GenericIdpActivity"
100-->[com.google.firebase:firebase-auth:21.0.3] AndroidManifest.xml:28:13-80
101            android:excludeFromRecents="true"
101-->[com.google.firebase:firebase-auth:21.0.3] AndroidManifest.xml:29:13-46
102            android:exported="true"
102-->[com.google.firebase:firebase-auth:21.0.3] AndroidManifest.xml:30:13-36
103            android:launchMode="singleTask"
103-->[com.google.firebase:firebase-auth:21.0.3] AndroidManifest.xml:31:13-44
104            android:theme="@android:style/Theme.Translucent.NoTitleBar" >
104-->[com.google.firebase:firebase-auth:21.0.3] AndroidManifest.xml:32:13-72
105            <intent-filter>
105-->[com.google.firebase:firebase-auth:21.0.3] AndroidManifest.xml:33:13-43:29
106                <action android:name="android.intent.action.VIEW" />
106-->[com.google.firebase:firebase-auth:21.0.3] AndroidManifest.xml:34:17-69
106-->[com.google.firebase:firebase-auth:21.0.3] AndroidManifest.xml:34:25-66
107
108                <category android:name="android.intent.category.DEFAULT" />
108-->[com.google.firebase:firebase-auth:21.0.3] AndroidManifest.xml:36:17-76
108-->[com.google.firebase:firebase-auth:21.0.3] AndroidManifest.xml:36:27-73
109                <category android:name="android.intent.category.BROWSABLE" />
109-->[com.google.firebase:firebase-auth:21.0.3] AndroidManifest.xml:37:17-78
109-->[com.google.firebase:firebase-auth:21.0.3] AndroidManifest.xml:37:27-75
110
111                <data
111-->[com.google.firebase:firebase-auth:21.0.3] AndroidManifest.xml:39:17-42:51
112                    android:host="firebase.auth"
112-->[com.google.firebase:firebase-auth:21.0.3] AndroidManifest.xml:40:21-49
113                    android:path="/"
113-->[com.google.firebase:firebase-auth:21.0.3] AndroidManifest.xml:41:21-37
114                    android:scheme="genericidp" />
114-->[com.google.firebase:firebase-auth:21.0.3] AndroidManifest.xml:42:21-48
115            </intent-filter>
116        </activity>
117        <activity
117-->[com.google.firebase:firebase-auth:21.0.3] AndroidManifest.xml:45:9-62:20
118            android:name="com.google.firebase.auth.internal.RecaptchaActivity"
118-->[com.google.firebase:firebase-auth:21.0.3] AndroidManifest.xml:46:13-79
119            android:excludeFromRecents="true"
119-->[com.google.firebase:firebase-auth:21.0.3] AndroidManifest.xml:47:13-46
120            android:exported="true"
120-->[com.google.firebase:firebase-auth:21.0.3] AndroidManifest.xml:48:13-36
121            android:launchMode="singleTask"
121-->[com.google.firebase:firebase-auth:21.0.3] AndroidManifest.xml:49:13-44
122            android:theme="@android:style/Theme.Translucent.NoTitleBar" >
122-->[com.google.firebase:firebase-auth:21.0.3] AndroidManifest.xml:50:13-72
123            <intent-filter>
123-->[com.google.firebase:firebase-auth:21.0.3] AndroidManifest.xml:51:13-61:29
124                <action android:name="android.intent.action.VIEW" />
124-->[com.google.firebase:firebase-auth:21.0.3] AndroidManifest.xml:34:17-69
124-->[com.google.firebase:firebase-auth:21.0.3] AndroidManifest.xml:34:25-66
125
126                <category android:name="android.intent.category.DEFAULT" />
126-->[com.google.firebase:firebase-auth:21.0.3] AndroidManifest.xml:36:17-76
126-->[com.google.firebase:firebase-auth:21.0.3] AndroidManifest.xml:36:27-73
127                <category android:name="android.intent.category.BROWSABLE" />
127-->[com.google.firebase:firebase-auth:21.0.3] AndroidManifest.xml:37:17-78
127-->[com.google.firebase:firebase-auth:21.0.3] AndroidManifest.xml:37:27-75
128
129                <data
129-->[com.google.firebase:firebase-auth:21.0.3] AndroidManifest.xml:39:17-42:51
130                    android:host="firebase.auth"
130-->[com.google.firebase:firebase-auth:21.0.3] AndroidManifest.xml:40:21-49
131                    android:path="/"
131-->[com.google.firebase:firebase-auth:21.0.3] AndroidManifest.xml:41:21-37
132                    android:scheme="recaptcha" />
132-->[com.google.firebase:firebase-auth:21.0.3] AndroidManifest.xml:42:21-48
133            </intent-filter>
134        </activity>
135
136        <service
136-->[com.google.firebase:firebase-auth:21.0.3] AndroidManifest.xml:64:9-70:19
137            android:name="com.google.firebase.components.ComponentDiscoveryService"
137-->[com.google.firebase:firebase-auth:21.0.3] AndroidManifest.xml:65:13-84
138            android:directBootAware="true"
138-->[com.google.firebase:firebase-common:20.1.1] AndroidManifest.xml:35:13-43
139            android:exported="false" >
139-->[com.google.firebase:firebase-auth:21.0.3] AndroidManifest.xml:66:13-37
140            <meta-data
140-->[com.google.firebase:firebase-auth:21.0.3] AndroidManifest.xml:67:13-69:85
141                android:name="com.google.firebase.components:com.google.firebase.auth.FirebaseAuthRegistrar"
141-->[com.google.firebase:firebase-auth:21.0.3] AndroidManifest.xml:68:17-109
142                android:value="com.google.firebase.components.ComponentRegistrar" />
142-->[com.google.firebase:firebase-auth:21.0.3] AndroidManifest.xml:69:17-82
143            <meta-data
143-->[com.google.firebase:firebase-database:20.0.5] AndroidManifest.xml:32:13-34:85
144                android:name="com.google.firebase.components:com.google.firebase.database.DatabaseRegistrar"
144-->[com.google.firebase:firebase-database:20.0.5] AndroidManifest.xml:33:17-109
145                android:value="com.google.firebase.components.ComponentRegistrar" />
145-->[com.google.firebase:firebase-database:20.0.5] AndroidManifest.xml:34:17-82
146            <meta-data
146-->[com.google.firebase:firebase-firestore:24.1.2] AndroidManifest.xml:20:13-22:85
147                android:name="com.google.firebase.components:com.google.firebase.firestore.FirestoreRegistrar"
147-->[com.google.firebase:firebase-firestore:24.1.2] AndroidManifest.xml:21:17-111
148                android:value="com.google.firebase.components.ComponentRegistrar" />
148-->[com.google.firebase:firebase-firestore:24.1.2] AndroidManifest.xml:22:17-82
149            <meta-data
149-->[com.google.firebase:firebase-storage:20.0.1] AndroidManifest.xml:33:13-35:85
150                android:name="com.google.firebase.components:com.google.firebase.storage.StorageRegistrar"
150-->[com.google.firebase:firebase-storage:20.0.1] AndroidManifest.xml:34:17-107
151                android:value="com.google.firebase.components.ComponentRegistrar" />
151-->[com.google.firebase:firebase-storage:20.0.1] AndroidManifest.xml:35:17-82
152            <meta-data
152-->[com.google.firebase:firebase-messaging:23.0.4] AndroidManifest.xml:55:13-57:85
153                android:name="com.google.firebase.components:com.google.firebase.messaging.FirebaseMessagingRegistrar"
153-->[com.google.firebase:firebase-messaging:23.0.4] AndroidManifest.xml:56:17-119
154                android:value="com.google.firebase.components.ComponentRegistrar" />
154-->[com.google.firebase:firebase-messaging:23.0.4] AndroidManifest.xml:57:17-82
155            <meta-data
155-->[com.google.firebase:firebase-datatransport:18.1.3] AndroidManifest.xml:28:13-30:85
156                android:name="com.google.firebase.components:com.google.firebase.datatransport.TransportRegistrar"
156-->[com.google.firebase:firebase-datatransport:18.1.3] AndroidManifest.xml:29:17-115
157                android:value="com.google.firebase.components.ComponentRegistrar" />
157-->[com.google.firebase:firebase-datatransport:18.1.3] AndroidManifest.xml:30:17-82
158            <meta-data
158-->[com.google.firebase:firebase-installations:17.0.1] AndroidManifest.xml:18:13-20:85
159                android:name="com.google.firebase.components:com.google.firebase.installations.FirebaseInstallationsRegistrar"
159-->[com.google.firebase:firebase-installations:17.0.1] AndroidManifest.xml:19:17-127
160                android:value="com.google.firebase.components.ComponentRegistrar" />
160-->[com.google.firebase:firebase-installations:17.0.1] AndroidManifest.xml:20:17-82
161        </service>
162
163        <receiver
163-->[com.google.firebase:firebase-messaging:23.0.4] AndroidManifest.xml:31:9-38:20
164            android:name="com.google.firebase.iid.FirebaseInstanceIdReceiver"
164-->[com.google.firebase:firebase-messaging:23.0.4] AndroidManifest.xml:32:13-78
165            android:exported="true"
165-->[com.google.firebase:firebase-messaging:23.0.4] AndroidManifest.xml:33:13-36
166            android:permission="com.google.android.c2dm.permission.SEND" >
166-->[com.google.firebase:firebase-messaging:23.0.4] AndroidManifest.xml:34:13-73
167            <intent-filter>
167-->[com.google.firebase:firebase-messaging:23.0.4] AndroidManifest.xml:35:13-37:29
168                <action android:name="com.google.android.c2dm.intent.RECEIVE" />
168-->[com.google.firebase:firebase-messaging:23.0.4] AndroidManifest.xml:36:17-81
168-->[com.google.firebase:firebase-messaging:23.0.4] AndroidManifest.xml:36:25-78
169            </intent-filter>
170        </receiver>
171        <!--
172             FirebaseMessagingService performs security checks at runtime,
173             but set to not exported to explicitly avoid allowing another app to call it.
174        -->
175        <service
175-->[com.google.firebase:firebase-messaging:23.0.4] AndroidManifest.xml:44:9-51:19
176            android:name="com.google.firebase.messaging.FirebaseMessagingService"
176-->[com.google.firebase:firebase-messaging:23.0.4] AndroidManifest.xml:45:13-82
177            android:directBootAware="true"
177-->[com.google.firebase:firebase-messaging:23.0.4] AndroidManifest.xml:46:13-43
178            android:exported="false" >
178-->[com.google.firebase:firebase-messaging:23.0.4] AndroidManifest.xml:47:13-37
179            <intent-filter android:priority="-500" >
179-->src\main\AndroidManifest.xml:57:13-59:29
180                <action android:name="com.google.firebase.MESSAGING_EVENT" />
180-->src\main\AndroidManifest.xml:58:17-78
180-->src\main\AndroidManifest.xml:58:25-75
181            </intent-filter>
182        </service>
183
184        <provider
184-->[com.squareup.picasso:picasso:2.8] AndroidManifest.xml:8:9-11:40
185            android:name="com.squareup.picasso.PicassoProvider"
185-->[com.squareup.picasso:picasso:2.8] AndroidManifest.xml:9:13-64
186            android:authorities="com.example.patienttracker.com.squareup.picasso"
186-->[com.squareup.picasso:picasso:2.8] AndroidManifest.xml:10:13-72
187            android:exported="false" />
187-->[com.squareup.picasso:picasso:2.8] AndroidManifest.xml:11:13-37
188
189        <service
189-->[com.google.android.datatransport:transport-backend-cct:3.1.4] AndroidManifest.xml:29:9-35:19
190            android:name="com.google.android.datatransport.runtime.backends.TransportBackendDiscovery"
190-->[com.google.android.datatransport:transport-backend-cct:3.1.4] AndroidManifest.xml:30:13-103
191            android:exported="false" >
191-->[com.google.android.datatransport:transport-backend-cct:3.1.4] AndroidManifest.xml:31:13-37
192            <meta-data
192-->[com.google.android.datatransport:transport-backend-cct:3.1.4] AndroidManifest.xml:32:13-34:39
193                android:name="backend:com.google.android.datatransport.cct.CctBackendFactory"
193-->[com.google.android.datatransport:transport-backend-cct:3.1.4] AndroidManifest.xml:33:17-94
194                android:value="cct" />
194-->[com.google.android.datatransport:transport-backend-cct:3.1.4] AndroidManifest.xml:34:17-36
195        </service>
196        <service
196-->[com.google.android.datatransport:transport-runtime:3.1.4] AndroidManifest.xml:26:9-30:19
197            android:name="com.google.android.datatransport.runtime.scheduling.jobscheduling.JobInfoSchedulerService"
197-->[com.google.android.datatransport:transport-runtime:3.1.4] AndroidManifest.xml:27:13-117
198            android:exported="false"
198-->[com.google.android.datatransport:transport-runtime:3.1.4] AndroidManifest.xml:28:13-37
199            android:permission="android.permission.BIND_JOB_SERVICE" >
199-->[com.google.android.datatransport:transport-runtime:3.1.4] AndroidManifest.xml:29:13-69
200        </service>
201
202        <receiver
202-->[com.google.android.datatransport:transport-runtime:3.1.4] AndroidManifest.xml:32:9-34:40
203            android:name="com.google.android.datatransport.runtime.scheduling.jobscheduling.AlarmManagerSchedulerBroadcastReceiver"
203-->[com.google.android.datatransport:transport-runtime:3.1.4] AndroidManifest.xml:33:13-132
204            android:exported="false" />
204-->[com.google.android.datatransport:transport-runtime:3.1.4] AndroidManifest.xml:34:13-37
205
206        <provider
206-->[com.google.firebase:firebase-common:20.1.1] AndroidManifest.xml:26:9-31:39
207            android:name="com.google.firebase.provider.FirebaseInitProvider"
207-->[com.google.firebase:firebase-common:20.1.1] AndroidManifest.xml:27:13-77
208            android:authorities="com.example.patienttracker.firebaseinitprovider"
208-->[com.google.firebase:firebase-common:20.1.1] AndroidManifest.xml:28:13-72
209            android:directBootAware="true"
209-->[com.google.firebase:firebase-common:20.1.1] AndroidManifest.xml:29:13-43
210            android:exported="false"
210-->[com.google.firebase:firebase-common:20.1.1] AndroidManifest.xml:30:13-37
211            android:initOrder="100" />
211-->[com.google.firebase:firebase-common:20.1.1] AndroidManifest.xml:31:13-36
212
213        <activity
213-->[com.google.android.gms:play-services-base:18.0.1] AndroidManifest.xml:20:9-22:45
214            android:name="com.google.android.gms.common.api.GoogleApiActivity"
214-->[com.google.android.gms:play-services-base:18.0.1] AndroidManifest.xml:20:19-85
215            android:exported="false"
215-->[com.google.android.gms:play-services-base:18.0.1] AndroidManifest.xml:22:19-43
216            android:theme="@android:style/Theme.Translucent.NoTitleBar" />
216-->[com.google.android.gms:play-services-base:18.0.1] AndroidManifest.xml:21:19-78
217
218        <meta-data
218-->[com.google.android.gms:play-services-basement:18.0.0] AndroidManifest.xml:21:9-23:69
219            android:name="com.google.android.gms.version"
219-->[com.google.android.gms:play-services-basement:18.0.0] AndroidManifest.xml:22:13-58
220            android:value="@integer/google_play_services_version" />
220-->[com.google.android.gms:play-services-basement:18.0.0] AndroidManifest.xml:23:13-66
221
222        <provider
222-->[androidx.emoji2:emoji2:1.0.0] AndroidManifest.xml:26:9-34:20
223            android:name="androidx.startup.InitializationProvider"
223-->[androidx.emoji2:emoji2:1.0.0] AndroidManifest.xml:27:13-67
224            android:authorities="com.example.patienttracker.androidx-startup"
224-->[androidx.emoji2:emoji2:1.0.0] AndroidManifest.xml:28:13-68
225            android:exported="false" >
225-->[androidx.emoji2:emoji2:1.0.0] AndroidManifest.xml:29:13-37
226            <meta-data
226-->[androidx.emoji2:emoji2:1.0.0] AndroidManifest.xml:31:13-33:52
227                android:name="androidx.emoji2.text.EmojiCompatInitializer"
227-->[androidx.emoji2:emoji2:1.0.0] AndroidManifest.xml:32:17-75
228                android:value="androidx.startup" />
228-->[androidx.emoji2:emoji2:1.0.0] AndroidManifest.xml:33:17-49
229            <meta-data
229-->[androidx.lifecycle:lifecycle-process:2.4.0] AndroidManifest.xml:31:13-33:52
230                android:name="androidx.lifecycle.ProcessLifecycleInitializer"
230-->[androidx.lifecycle:lifecycle-process:2.4.0] AndroidManifest.xml:32:17-78
231                android:value="androidx.startup" />
231-->[androidx.lifecycle:lifecycle-process:2.4.0] AndroidManifest.xml:33:17-49
232        </provider>
233    </application>
234
235</manifest>